<?xml version="1.0" encoding="UTF-8"?>
<testsuite name="com.example.bancartontrendage.BanCartonTrendAgeApplicationTests" tests="1" skipped="0" failures="0" errors="0" timestamp="2025-01-11T08:38:24" hostname="DESKTOP-NTH9J2F" time="1.08">
  <properties/>
  <testcase name="contextLoads()" classname="com.example.bancartontrendage.BanCartonTrendAgeApplicationTests" time="1.08"/>
  <system-out><![CDATA[17:38:06.828 [Test worker] INFO org.springframework.test.context.support.AnnotationConfigContextLoaderUtils -- Could not detect default configuration classes for test class [com.example.bancartontrendage.BanCartonTrendAgeApplicationTests]: BanCartonTrendAgeApplicationTests does not declare any static, non-private, non-final, nested classes annotated with @Configuration.
17:38:07.209 [Test worker] INFO org.springframework.boot.test.context.SpringBootTestContextBootstrapper -- Found @SpringBootConfiguration com.example.bancartontrendage.BanCartonTrendAgeApplication for test class com.example.bancartontrendage.BanCartonTrendAgeApplicationTests

  .   ____          _            __ _ _
 /\\ / ___'_ __ _ _(_)_ __  __ _ \ \ \ \
( ( )\___ | '_ | '_| | '_ \/ _` | \ \ \ \
 \\/  ___)| |_)| | | | | || (_| |  ) ) ) )
  '  |____| .__|_| |_|_| |_\__, | / / / /
 =========|_|==============|___/=/_/_/_/

 :: Spring Boot ::                (v3.4.1)

2025-01-11T17:38:08.522+09:00  INFO 2128 --- [    Test worker] c.e.b.BanCartonTrendAgeApplicationTests  : Starting BanCartonTrendAgeApplicationTests using Java 17.0.12 with PID 2128 (started by puls5 in C:\BanCarton-TrendAge\BanCarton-TrendAge-Backend)
2025-01-11T17:38:08.525+09:00  INFO 2128 --- [    Test worker] c.e.b.BanCartonTrendAgeApplicationTests  : No active profile set, falling back to 1 default profile: "default"
2025-01-11T17:38:10.961+09:00  INFO 2128 --- [    Test worker] .s.d.r.c.RepositoryConfigurationDelegate : Bootstrapping Spring Data JPA repositories in DEFAULT mode.
2025-01-11T17:38:11.176+09:00  INFO 2128 --- [    Test worker] .s.d.r.c.RepositoryConfigurationDelegate : Finished Spring Data repository scanning in 177 ms. Found 2 JPA repository interfaces.
2025-01-11T17:38:12.543+09:00  INFO 2128 --- [    Test worker] o.hibernate.jpa.internal.util.LogHelper  : HHH000204: Processing PersistenceUnitInfo [name: default]
2025-01-11T17:38:12.799+09:00  INFO 2128 --- [    Test worker] org.hibernate.Version                    : HHH000412: Hibernate ORM core version 6.6.4.Final
2025-01-11T17:38:12.930+09:00  INFO 2128 --- [    Test worker] o.h.c.internal.RegionFactoryInitiator    : HHH000026: Second-level cache disabled
2025-01-11T17:38:13.884+09:00  INFO 2128 --- [    Test worker] o.s.o.j.p.SpringPersistenceUnitInfo      : No LoadTimeWeaver setup: ignoring JPA class transformer
2025-01-11T17:38:14.009+09:00  INFO 2128 --- [    Test worker] com.zaxxer.hikari.HikariDataSource       : HikariPool-1 - Starting...
2025-01-11T17:38:14.747+09:00  INFO 2128 --- [    Test worker] com.zaxxer.hikari.pool.HikariPool        : HikariPool-1 - Added connection com.mysql.cj.jdbc.ConnectionImpl@26bce60d
2025-01-11T17:38:14.755+09:00  INFO 2128 --- [    Test worker] com.zaxxer.hikari.HikariDataSource       : HikariPool-1 - Start completed.
2025-01-11T17:38:15.022+09:00  INFO 2128 --- [    Test worker] org.hibernate.orm.connections.pooling    : HHH10001005: Database info:
	Database JDBC URL [Connecting through datasource 'HikariDataSource (HikariPool-1)']
	Database driver: undefined/unknown
	Database version: 8.0.37
	Autocommit mode: undefined/unknown
	Isolation level: undefined/unknown
	Minimum pool size: undefined/unknown
	Maximum pool size: undefined/unknown
2025-01-11T17:38:17.876+09:00  INFO 2128 --- [    Test worker] o.h.e.t.j.p.i.JtaPlatformInitiator       : HHH000489: No JTA platform available (set 'hibernate.transaction.jta.platform' to enable JTA platform integration)
Hibernate: drop table if exists meme
Hibernate: drop table if exists meme_seq
Hibernate: drop table if exists user
Hibernate: drop table if exists user_seq
Hibernate: create table meme (id bigint not null, year bigint, content varchar(255), explanation varchar(255), primary key (id)) engine=InnoDB
Hibernate: create table meme_seq (next_val bigint) engine=InnoDB
Hibernate: insert into meme_seq values ( 1 )
Hibernate: create table user (age bigint, id bigint not null, level varchar(255), nickname varchar(255), primary key (id)) engine=InnoDB
Hibernate: create table user_seq (next_val bigint) engine=InnoDB
Hibernate: insert into user_seq values ( 1 )
2025-01-11T17:38:18.443+09:00  INFO 2128 --- [    Test worker] j.LocalContainerEntityManagerFactoryBean : Initialized JPA EntityManagerFactory for persistence unit 'default'
2025-01-11T17:38:19.910+09:00  WARN 2128 --- [    Test worker] JpaBaseConfiguration$JpaWebConfiguration : spring.jpa.open-in-view is enabled by default. Therefore, database queries may be performed during view rendering. Explicitly configure spring.jpa.open-in-view to disable this warning
2025-01-11T17:38:19.961+09:00  WARN 2128 --- [    Test worker] .s.s.UserDetailsServiceAutoConfiguration : 

Using generated security password: 795f5813-bebb-433a-9739-8928a8b43789

This generated password is for development use only. Your security configuration must be updated before running your application in production.

2025-01-11T17:38:20.011+09:00  INFO 2128 --- [    Test worker] r$InitializeUserDetailsManagerConfigurer : Global AuthenticationManager configured with UserDetailsService bean with name inMemoryUserDetailsManager
2025-01-11T17:38:23.650+09:00  INFO 2128 --- [    Test worker] o.s.v.b.OptionalValidatorFactoryBean     : Failed to set up a Bean Validation provider: jakarta.validation.NoProviderFoundException: Unable to create a Configuration, because no Jakarta Bean Validation provider could be found. Add a provider like Hibernate Validator (RI) to your classpath.
2025-01-11T17:38:24.325+09:00  INFO 2128 --- [    Test worker] c.e.b.BanCartonTrendAgeApplicationTests  : Started BanCartonTrendAgeApplicationTests in 16.63 seconds (process running for 20.969)
]]></system-out>
  <system-err><![CDATA[]]></system-err>
</testsuite>
